<?xml version="1.0" encoding="UTF-8"?>
<!-- Generated by org.testng.reporters.JUnitReportReporter -->
<testsuite hostname="PS-L6" failures="0" tests="1" name="com.report.test.apiLog" time="16.396" errors="0" timestamp="2025-07-14T16:54:51 IST" skipped="0">
  <testcase classname="com.report.test.apiLog" name="verifyTableHeaders" time="16.396"/>
  <system-out>
    <![CDATA[User enter ID in Username field
User Enter Password in password field
Click on submit button in login page
Click on Report Module
Click on Api Log Sub Module
Verify user is on the Api Report page]]>
  </system-out>
</testsuite> <!-- com.report.test.apiLog -->
