<?xml version="1.0" encoding="UTF-8"?>
<!-- Generated by org.testng.reporters.JUnitReportReporter -->
<testsuite hostname="PS-L6" failures="0" tests="7" name="com.report.test.transaction" time="242.837" errors="0" timestamp="2025-07-12T12:20:56 IST" skipped="0">
  <testcase classname="com.report.test.transaction" name="testTIDInActionCardSummarypage" time="24.503">
    <system-out>
      <![CDATA[Click on the Date range
select date range :- Yesterday
User click on Search Buttton]]>
    </system-out>
  </testcase> <!-- testTIDInActionCardSummarypage -->
  <testcase classname="com.report.test.transaction" name="testTIDInActionCardSummarypage" time="27.201">
    <system-out>
      <![CDATA[Click on the Date range
select date range :- Yesterday
User click on Search Buttton]]>
    </system-out>
  </testcase> <!-- testTIDInActionCardSummarypage -->
  <testcase classname="com.report.test.transaction" name="testTIDInActionCardSummarypage" time="25.699">
    <system-out>
      <![CDATA[Click on the Date range
select date range :- Yesterday
User click on Search Buttton]]>
    </system-out>
  </testcase> <!-- testTIDInActionCardSummarypage -->
  <testcase classname="com.report.test.transaction" name="testTIDInActionCardSummarypage" time="30.927">
    <system-out>
      <![CDATA[Click on the Date range
select date range :- Yesterday
User click on Search Buttton]]>
    </system-out>
  </testcase> <!-- testTIDInActionCardSummarypage -->
  <testcase classname="com.report.test.transaction" name="testTIDInActionCardSummarypage" time="22.118">
    <system-out>
      <![CDATA[Click on the Date range
select date range :- Yesterday
User click on Search Buttton]]>
    </system-out>
  </testcase> <!-- testTIDInActionCardSummarypage -->
  <testcase classname="com.report.test.transaction" name="testTIDInActionCardSummarypage" time="36.876">
    <system-out>
      <![CDATA[Click on the Date range
select date range :- Yesterday
User click on Search Buttton]]>
    </system-out>
  </testcase> <!-- testTIDInActionCardSummarypage -->
  <testcase classname="com.report.test.transaction" name="testTIDInActionCardSummarypage" time="75.513">
    <system-out>
      <![CDATA[Click on the Date range
select date range :- Yesterday
User click on Search Buttton]]>
    </system-out>
  </testcase> <!-- testTIDInActionCardSummarypage -->
  <system-out>
    <![CDATA[User enter ID in Username field
User Enter Password in password field
Click on submit button in login page
Click on the Date range
select date range :- Yesterday
User click on Search Buttton
User enter ID in Username field
User Enter Password in password field
Click on submit button in login page
Click on the Date range
select date range :- Yesterday
User click on Search Buttton
User enter ID in Username field
User Enter Password in password field
Click on submit button in login page
Click on the Date range
select date range :- Yesterday
User click on Search Buttton
User enter ID in Username field
User Enter Password in password field
Click on submit button in login page
Click on the Date range
select date range :- Yesterday
User click on Search Buttton
User enter ID in Username field
User Enter Password in password field
Click on submit button in login page
Click on the Date range
select date range :- Yesterday
User click on Search Buttton
User enter ID in Username field
User Enter Password in password field
Click on submit button in login page
Click on the Date range
select date range :- Yesterday
User click on Search Buttton
User enter ID in Username field
User Enter Password in password field
Click on submit button in login page
Click on the Date range
select date range :- Yesterday
User click on Search Buttton]]>
  </system-out>
</testsuite> <!-- com.report.test.transaction -->
