<?xml version="1.0" encoding="UTF-8"?>
<!-- Generated by org.testng.reporters.JUnitReportReporter -->
<testsuite hostname="PS-L6" failures="0" tests="1" name="com.report.test.transaction" time="19.156" errors="0" timestamp="2025-07-18T17:42:32 IST" skipped="0">
  <testcase classname="com.report.test.transaction" name="verifyTransactionIDAndStatus_Paid" time="19.156">
    <system-out>
      <![CDATA[User click on Search Buttton
User Click on Paid]]>
    </system-out>
  </testcase> <!-- verifyTransactionIDAndStatus_Paid -->
  <system-out>
    <![CDATA[User enter ID in Username field
User Enter Password in password field
Click on submit button in login page
User click on Search Buttton
User Click on Paid]]>
  </system-out>
</testsuite> <!-- com.report.test.transaction -->
