<?xml version="1.0" encoding="UTF-8"?>
<!-- Generated by org.testng.reporters.JUnitReportReporter -->
<testsuite hostname="PS-L6" failures="0" tests="1" name="com.paysecure.admin.manageRoles" time="18.563" errors="0" timestamp="2025-07-16T15:43:39 IST" skipped="0">
  <testcase classname="com.paysecure.admin.manageRoles" name="create_Role" time="18.563">
    <system-out>
      <![CDATA[User Click on add Roles
User enter name in Username text field :- Suhas
User enter password in Password text field :- Paysecure@123
 user enter email address in email address field :- paysecure@gmail.com
 user select role from roles dropdown :- paysecure@gmail.com
User click on Add role button]]>
    </system-out>
  </testcase> <!-- create_Role -->
  <system-out>
    <![CDATA[User enter ID in Username field
User Enter Password in password field
Click on submit button in login page
User Click on Main Module - Manage Roles
User is on the Manage Roles Main Module
User Click on add Roles
User enter name in Username text field :- Suhas
User enter password in Password text field :- Paysecure@123
 user enter email address in email address field :- paysecure@gmail.com
 user select role from roles dropdown :- paysecure@gmail.com
User click on Add role button]]>
  </system-out>
</testsuite> <!-- com.paysecure.admin.manageRoles -->
