<?xml version="1.0" encoding="UTF-8"?>
<!-- Generated by org.testng.reporters.JUnitReportReporter -->
<testsuite hostname="PS-L6" failures="0" tests="1" name="com.report.test.transaction" time="31.425" errors="0" timestamp="2025-07-17T18:09:22 IST" skipped="0">
  <testcase classname="com.report.test.transaction" name="testTIDInActionCardSummarypage" time="31.425">
    <system-out>
      <![CDATA[Click on the Date range
select date range :- Last 7 Days
User click on Search Buttton]]>
    </system-out>
  </testcase> <!-- testTIDInActionCardSummarypage -->
  <system-out>
    <![CDATA[User enter ID in Username field
User Enter Password in password field
Click on submit button in login page
Click on the Date range
select date range :- Last 7 Days
User click on Search Buttton]]>
  </system-out>
</testsuite> <!-- com.report.test.transaction -->
