<?xml version="1.0" encoding="UTF-8"?>
<!-- Generated by org.testng.reporters.JUnitReportReporter -->
<testsuite hostname="PS-L6" failures="0" tests="3" name="com.paysecure.admin.manageRoles" time="743.378" errors="0" timestamp="2025-07-17T15:42:15 IST" skipped="0">
  <testcase classname="com.paysecure.admin.manageRoles" name="create_Role" time="207.214">
    <system-out>
      <![CDATA[User Click on add Roles]]>
    </system-out>
  </testcase> <!-- create_Role -->
  <testcase classname="com.paysecure.admin.manageRoles" name="create_Role" time="321.806">
    <system-out>
      <![CDATA[User Click on add Roles]]>
    </system-out>
  </testcase> <!-- create_Role -->
  <testcase classname="com.paysecure.admin.manageRoles" name="create_Role" time="214.358">
    <system-out>
      <![CDATA[User Click on add Roles]]>
    </system-out>
  </testcase> <!-- create_Role -->
  <system-out>
    <![CDATA[User enter ID in Username field
User Enter Password in password field
Click on submit button in login page
User Click on Main Module - Manage Roles
User is on the Manage Roles Main Module
User Click on add Roles
User enter ID in Username field
User Enter Password in password field
Click on submit button in login page
User Click on Main Module - Manage Roles
User is on the Manage Roles Main Module
User Click on add Roles
User enter ID in Username field
User Enter Password in password field
Click on submit button in login page
User Click on Main Module - Manage Roles
User is on the Manage Roles Main Module
User Click on add Roles]]>
  </system-out>
</testsuite> <!-- com.paysecure.admin.manageRoles -->
