<?xml version="1.0" encoding="UTF-8"?>
<!-- Generated by org.testng.reporters.JUnitReportReporter -->
<testsuite hostname="PS-L6" failures="0" tests="1" name="com.paysecure.admin.manageRoles" time="19.790" errors="0" timestamp="2025-07-15T17:37:01 IST" skipped="0">
  <testcase classname="com.paysecure.admin.manageRoles" name="verifyRefreshPage_SearchFunctionalityIfUserEnterWrongMerchant_Username" time="19.790">
    <system-out>
      <![CDATA[User search username/Merchant :- gouri_sharma
User Click on search button]]>
    </system-out>
  </testcase> <!-- verifyRefreshPage_SearchFunctionalityIfUserEnterWrongMerchant_Username -->
  <system-out>
    <![CDATA[User enter ID in Username field
User Enter Password in password field
Click on submit button in login page
User Click on Main Module - Manage Roles
User is on the Manage Roles Main Module
User search username/Merchant :- gouri_sharma
User Click on search button]]>
  </system-out>
</testsuite> <!-- com.paysecure.admin.manageRoles -->
