<?xml version="1.0" encoding="UTF-8"?>
<!-- Generated by org.testng.reporters.JUnitReportReporter -->
<testsuite hostname="PS-L6" failures="0" tests="1" name="com.report.test.bankTransactionTime" time="15.691" errors="0" timestamp="2025-07-14T16:16:40 IST" skipped="0">
  <testcase classname="com.report.test.bankTransactionTime" name="verifyTableHeaders" time="15.691"/>
  <system-out>
    <![CDATA[User enter ID in Username field
User Enter Password in password field
Click on submit button in login page
SCROOLL UPTO ANALYTICS
Click on Report Module
Click on Bank Transaction Time Sub Module
verify user is on the Bank Transaction Time Report]]>
  </system-out>
</testsuite> <!-- com.report.test.bankTransactionTime -->
